Partition Assistant log is as follows:

====================== System Information ======================
Module Path: C:\xampp\htdocs\APP\bin\PartAssist.exe
Product Name: Windows 10 Enterprise
Service Package: 
OS Version: 6.3
Total Memory: 15789 MB
Available Memory: 9558 MB
System Root: C:\Windows
Processor Architecture: AMD64
Processor Number: 16
Current Time: 2020-10-23 15:40:42
================================================================

[0       ]Utility.cpp(316): 64-bit operating system.
AOMEI Partition Assistant 8.4 Server Edition
[0       ]disk.cpp(169) Disk0 is removble use?0
[0       ]disk.cpp(169) Disk1 is removble use?1
[1       ]part.cpp(602): Other file system.



//////////////////////////// Reload Disk Information ////////////////////////////


Disks Summary:
================================================================
Disk Index	Total Sector		Geometry			Product Name
----------	------------		--------			------------
0		1000215216 (476.94GB)	(62260,255,63,512)		KINGSTON OM8PCP3512F-AB (GPT Disk)
1		15433728 (7.36GB)	(960,255,63,512)		JetFlashTranscend 8GB    (Base Disk)


Partitions Summary:
================================================================
Disk	Partition	Drive Letter	File System	Total Sector		Used Sector		Free Sector		Partition Status	Pri/Log		DBR Start Sector	End Sector      			MBR Start Sector			Cluster Size	Volume Label
----	---------	------------	-----------	------------		-----------		-----------		----------------	-------		----------------	----------------			----------------			------------	------------
0	1		*:		FAT32       	532480     (260.00MB)	62616      (30.57MB)	469864     (229.43MB)	Sys                 	GPT,EFI		2048           		534527         (33,69,36)		0           (0,32,33)			8		SYSTEM
0	2		*:		Other       	32768      (16.00MB)	0          (0KB)	32768      (16.00MB)	None                	GPT,MSR		534528         		567295         (35,79,44)		0           (33,69,37)			0		
0	3		C:		NTFS(3.1)   	960283278  (457.90GB)	508802680  (242.62GB)	451480598  (215.28GB)	Boot                	GPT,Data		567296         		960850574      (59810,46,27)		0           (35,79,45)			8		OS
0	4		*:		NTFS(3.1)   	2662399    (1.27GB)	2432944    (1.16GB)	229455     (112.04MB)	None                	GPT,WRE		960851968      		963514367      (59975,253,54)		0           (59810,68,35)			8		RECOVERY
0	5		*:		NTFS(3.1)   	36700159   (17.50GB)	27952240   (13.33GB)	8747919    (4.17GB)	None                	GPT,Data		963514368      		1000214527     (62260,121,5)		0           (59975,253,55)			8		RESTORE

1	1		D:		NTFS(3.1)   	15431679   (7.36GB)	46983      (22.94MB)	15384696   (7.34GB)	Act                 	Primary		2048           		15433727       (960,179,51)		0           (0,32,33)			8		ESD-ISO

